<?xml version="1.0" encoding="UTF-8"?>
<!-- Generated by org.testng.reporters.JUnitReportReporter -->
<testsuite hostname="DESKTOP-5D7I77E" failures="0" tests="2" name="runners.RunCuke" time="14.069" errors="0" timestamp="2021-09-16T12:25:37 NZST" skipped="0">
  <testcase classname="runners.RunCuke" name="runScenario" time="3.723"/>
  <system-out/>
  <testcase classname="runners.RunCuke" name="runScenario" time="10.346"/>
  <system-out/>
</testsuite> <!-- runners.RunCuke -->
